app/build/intermediates/manifest_merge_blame_file/debug/manifest-merger-blame-debug-report.txt
1<?xml version="1.0" encoding="utf-8"?>
2<manifest xmlns:android="http://schemas.android.com/apk/res/android"
3    package="com.dicoding.capstoneproductfix"
4    android:versionCode="1"
5    android:versionName="1.0" >
6
7    <uses-sdk
8        android:minSdkVersion="24"
9        android:targetSdkVersion="33" />
10
11    <uses-permission android:name="android.permission.INTERNET" />
11-->src\main\AndroidManifest.xml:5:5-67
11-->src\main\AndroidManifest.xml:5:22-64
12
13    <permission
13-->[androidx.core:core:1.12.0] AndroidManifest.xml:22:5-24:47
14        android:name="com.dicoding.capstoneproductfix.DYNAMIC_RECEIVER_NOT_EXPORTED_PERMISSION"
14-->[androidx.core:core:1.12.0] AndroidManifest.xml:23:9-81
15        android:protectionLevel="signature" />
15-->[androidx.core:core:1.12.0] AndroidManifest.xml:24:9-44
16
17    <uses-permission android:name="com.dicoding.capstoneproductfix.DYNAMIC_RECEIVER_NOT_EXPORTED_PERMISSION" />
17-->[androidx.core:core:1.12.0] AndroidManifest.xml:26:5-97
17-->[androidx.core:core:1.12.0] AndroidManifest.xml:26:22-94
18
19    <application
19-->src\main\AndroidManifest.xml:7:5-67:19
20        android:allowBackup="true"
20-->src\main\AndroidManifest.xml:8:9-35
21        android:appComponentFactory="androidx.core.app.CoreComponentFactory"
21-->[androidx.core:core:1.12.0] AndroidManifest.xml:28:18-86
22        android:dataExtractionRules="@xml/data_extraction_rules"
22-->src\main\AndroidManifest.xml:9:9-65
23        android:debuggable="true"
24        android:extractNativeLibs="false"
25        android:fullBackupContent="@xml/backup_rules"
25-->src\main\AndroidManifest.xml:10:9-54
26        android:icon="@drawable/logo_tujuan"
26-->src\main\AndroidManifest.xml:11:9-45
27        android:label="@string/Tujuan"
27-->src\main\AndroidManifest.xml:12:9-39
28        android:roundIcon="@mipmap/ic_launcher_round"
28-->src\main\AndroidManifest.xml:13:9-54
29        android:supportsRtl="true"
29-->src\main\AndroidManifest.xml:14:9-35
30        android:theme="@style/Theme.CapstoneProductFix" >
30-->src\main\AndroidManifest.xml:15:9-56
31        <activity
31-->src\main\AndroidManifest.xml:17:9-21:56
32            android:name="com.dicoding.capstoneproductfix.ui.profilepage.ProfileActivity"
32-->src\main\AndroidManifest.xml:18:13-59
33            android:exported="false"
33-->src\main\AndroidManifest.xml:19:13-37
34            android:screenOrientation="portrait" />
34-->src\main\AndroidManifest.xml:20:13-49
35        <activity
35-->src\main\AndroidManifest.xml:22:9-26:56
36            android:name="com.dicoding.capstoneproductfix.ui.questionpage.QuestionActivity"
36-->src\main\AndroidManifest.xml:23:13-61
37            android:exported="false"
37-->src\main\AndroidManifest.xml:24:13-37
38            android:screenOrientation="portrait" />
38-->src\main\AndroidManifest.xml:25:13-49
39        <activity
39-->src\main\AndroidManifest.xml:27:9-31:56
40            android:name="com.dicoding.capstoneproductfix.ui.historypage.HistoryActivity"
40-->src\main\AndroidManifest.xml:28:13-59
41            android:exported="false"
41-->src\main\AndroidManifest.xml:29:13-37
42            android:screenOrientation="portrait" />
42-->src\main\AndroidManifest.xml:30:13-49
43        <activity
43-->src\main\AndroidManifest.xml:32:9-42:20
44            android:name="com.dicoding.capstoneproductfix.ui.splashpage.SplashScreenActivity"
44-->src\main\AndroidManifest.xml:33:13-63
45            android:exported="true"
45-->src\main\AndroidManifest.xml:34:13-36
46            android:screenOrientation="portrait" >
46-->src\main\AndroidManifest.xml:35:13-49
47            <intent-filter>
47-->src\main\AndroidManifest.xml:37:13-41:29
48                <action android:name="android.intent.action.MAIN" />
48-->src\main\AndroidManifest.xml:38:17-69
48-->src\main\AndroidManifest.xml:38:25-66
49
50                <category android:name="android.intent.category.LAUNCHER" />
50-->src\main\AndroidManifest.xml:40:17-77
50-->src\main\AndroidManifest.xml:40:27-74
51            </intent-filter>
52        </activity>
53        <activity
53-->src\main\AndroidManifest.xml:43:9-47:56
54            android:name="com.dicoding.capstoneproductfix.ui.authpage.ResetActivity"
54-->src\main\AndroidManifest.xml:44:13-54
55            android:exported="false"
55-->src\main\AndroidManifest.xml:45:13-37
56            android:screenOrientation="portrait" />
56-->src\main\AndroidManifest.xml:46:13-49
57        <activity
57-->src\main\AndroidManifest.xml:48:9-52:56
58            android:name="com.dicoding.capstoneproductfix.ui.authpage.register.RegisterActivity"
58-->src\main\AndroidManifest.xml:49:13-66
59            android:exported="false"
59-->src\main\AndroidManifest.xml:50:13-37
60            android:screenOrientation="portrait" />
60-->src\main\AndroidManifest.xml:51:13-49
61        <activity
61-->src\main\AndroidManifest.xml:53:9-57:56
62            android:name="com.dicoding.capstoneproductfix.ui.authpage.login.LoginActivity"
62-->src\main\AndroidManifest.xml:54:13-60
63            android:exported="false"
63-->src\main\AndroidManifest.xml:55:13-37
64            android:screenOrientation="portrait" />
64-->src\main\AndroidManifest.xml:56:13-49
65        <activity
65-->src\main\AndroidManifest.xml:58:9-62:56
66            android:name="com.dicoding.capstoneproductfix.ui.mainpage.MainActivity"
66-->src\main\AndroidManifest.xml:59:13-53
67            android:exported="false"
67-->src\main\AndroidManifest.xml:60:13-37
68            android:screenOrientation="portrait" />
68-->src\main\AndroidManifest.xml:61:13-49
69
70        <meta-data
70-->src\main\AndroidManifest.xml:64:9-66:57
71            android:name="preloaded_fonts"
71-->src\main\AndroidManifest.xml:65:13-43
72            android:resource="@array/preloaded_fonts" />
72-->src\main\AndroidManifest.xml:66:13-54
73
74        <service
74-->[androidx.room:room-runtime:2.6.0] AndroidManifest.xml:24:9-28:63
75            android:name="androidx.room.MultiInstanceInvalidationService"
75-->[androidx.room:room-runtime:2.6.0] AndroidManifest.xml:25:13-74
76            android:directBootAware="true"
76-->[androidx.room:room-runtime:2.6.0] AndroidManifest.xml:26:13-43
77            android:exported="false" />
77-->[androidx.room:room-runtime:2.6.0] AndroidManifest.xml:27:13-37
78
79        <provider
79-->[androidx.emoji2:emoji2:1.2.0] AndroidManifest.xml:24:9-32:20
80            android:name="androidx.startup.InitializationProvider"
80-->[androidx.emoji2:emoji2:1.2.0] AndroidManifest.xml:25:13-67
81            android:authorities="com.dicoding.capstoneproductfix.androidx-startup"
81-->[androidx.emoji2:emoji2:1.2.0] AndroidManifest.xml:26:13-68
82            android:exported="false" >
82-->[androidx.emoji2:emoji2:1.2.0] AndroidManifest.xml:27:13-37
83            <meta-data
83-->[androidx.emoji2:emoji2:1.2.0] AndroidManifest.xml:29:13-31:52
84                android:name="androidx.emoji2.text.EmojiCompatInitializer"
84-->[androidx.emoji2:emoji2:1.2.0] AndroidManifest.xml:30:17-75
85                android:value="androidx.startup" />
85-->[androidx.emoji2:emoji2:1.2.0] AndroidManifest.xml:31:17-49
86            <meta-data
86-->[androidx.lifecycle:lifecycle-process:2.6.2] AndroidManifest.xml:29:13-31:52
87                android:name="androidx.lifecycle.ProcessLifecycleInitializer"
87-->[androidx.lifecycle:lifecycle-process:2.6.2] AndroidManifest.xml:30:17-78
88                android:value="androidx.startup" />
88-->[androidx.lifecycle:lifecycle-process:2.6.2] AndroidManifest.xml:31:17-49
89            <meta-data
89-->[androidx.profileinstaller:profileinstaller:1.3.0] AndroidManifest.xml:29:13-31:52
90                android:name="androidx.profileinstaller.ProfileInstallerInitializer"
90-->[androidx.profileinstaller:profileinstaller:1.3.0] AndroidManifest.xml:30:17-85
91                android:value="androidx.startup" />
91-->[androidx.profileinstaller:profileinstaller:1.3.0] AndroidManifest.xml:31:17-49
92        </provider>
93
94        <receiver
94-->[androidx.profileinstaller:profileinstaller:1.3.0] AndroidManifest.xml:34:9-52:20
95            android:name="androidx.profileinstaller.ProfileInstallReceiver"
95-->[androidx.profileinstaller:profileinstaller:1.3.0] AndroidManifest.xml:35:13-76
96            android:directBootAware="false"
96-->[androidx.profileinstaller:profileinstaller:1.3.0] AndroidManifest.xml:36:13-44
97            android:enabled="true"
97-->[androidx.profileinstaller:profileinstaller:1.3.0] AndroidManifest.xml:37:13-35
98            android:exported="true"
98-->[androidx.profileinstaller:profileinstaller:1.3.0] AndroidManifest.xml:38:13-36
99            android:permission="android.permission.DUMP" >
99-->[androidx.profileinstaller:profileinstaller:1.3.0] AndroidManifest.xml:39:13-57
100            <intent-filter>
100-->[androidx.profileinstaller:profileinstaller:1.3.0] AndroidManifest.xml:40:13-42:29
101                <action android:name="androidx.profileinstaller.action.INSTALL_PROFILE" />
101-->[androidx.profileinstaller:profileinstaller:1.3.0] AndroidManifest.xml:41:17-91
101-->[androidx.profileinstaller:profileinstaller:1.3.0] AndroidManifest.xml:41:25-88
102            </intent-filter>
103            <intent-filter>
103-->[androidx.profileinstaller:profileinstaller:1.3.0] AndroidManifest.xml:43:13-45:29
104                <action android:name="androidx.profileinstaller.action.SKIP_FILE" />
104-->[androidx.profileinstaller:profileinstaller:1.3.0] AndroidManifest.xml:44:17-85
104-->[androidx.profileinstaller:profileinstaller:1.3.0] AndroidManifest.xml:44:25-82
105            </intent-filter>
106            <intent-filter>
106-->[androidx.profileinstaller:profileinstaller:1.3.0] AndroidManifest.xml:46:13-48:29
107                <action android:name="androidx.profileinstaller.action.SAVE_PROFILE" />
107-->[androidx.profileinstaller:profileinstaller:1.3.0] AndroidManifest.xml:47:17-88
107-->[androidx.profileinstaller:profileinstaller:1.3.0] AndroidManifest.xml:47:25-85
108            </intent-filter>
109            <intent-filter>
109-->[androidx.profileinstaller:profileinstaller:1.3.0] AndroidManifest.xml:49:13-51:29
110                <action android:name="androidx.profileinstaller.action.BENCHMARK_OPERATION" />
110-->[androidx.profileinstaller:profileinstaller:1.3.0] AndroidManifest.xml:50:17-95
110-->[androidx.profileinstaller:profileinstaller:1.3.0] AndroidManifest.xml:50:25-92
111            </intent-filter>
112        </receiver>
113    </application>
114
115</manifest>